<?xml version="1.0" encoding="UTF-8"?>
<testng-results skipped="0" failed="0" ignored="0" total="1" passed="1">
  <reporter-output>
  </reporter-output>
  <suite name="Default suite" duration-ms="12201" started-at="2019-01-04T22:30:29Z" finished-at="2019-01-04T22:30:41Z">
    <groups>
    </groups>
    <test name="Default test" duration-ms="12201" started-at="2019-01-04T22:30:29Z" finished-at="2019-01-04T22:30:41Z">
      <class name="com.karhoo.qa.testcases.KarhooTeamPageTest">
        <test-method status="PASS" signature="setUp()[pri:0, instance:com.karhoo.qa.testcases.KarhooTeamPageTest@475530b9]" name="setUp" is-config="true" duration-ms="6689" started-at="2019-01-04T22:30:29Z" finished-at="2019-01-04T22:30:36Z">
          <reporter-output>
          </reporter-output>
        </test-method> <!-- setUp -->
        <test-method status="PASS" signature="applyTest()[pri:0, instance:com.karhoo.qa.testcases.KarhooTeamPageTest@475530b9]" name="applyTest" duration-ms="4550" started-at="2019-01-04T22:30:36Z" finished-at="2019-01-04T22:30:40Z">
          <reporter-output>
          </reporter-output>
        </test-method> <!-- applyTest -->
        <test-method status="PASS" signature="tearDown()[pri:0, instance:com.karhoo.qa.testcases.KarhooTeamPageTest@475530b9]" name="tearDown" is-config="true" duration-ms="937" started-at="2019-01-04T22:30:40Z" finished-at="2019-01-04T22:30:41Z">
          <reporter-output>
          </reporter-output>
        </test-method> <!-- tearDown -->
      </class> <!-- com.karhoo.qa.testcases.KarhooTeamPageTest -->
    </test> <!-- Default test -->
  </suite> <!-- Default suite -->
</testng-results>
