<?xml version="1.0" encoding="UTF-8"?>
<testng-results skipped="0" failed="0" ignored="0" total="1" passed="1">
  <reporter-output>
  </reporter-output>
  <suite name="Karhoo Application Test Automation Test Suite" duration-ms="13263" started-at="2019-01-04T23:03:24Z" finished-at="2019-01-04T23:03:38Z">
    <groups>
    </groups>
    <test name="Karhoo Application Regession Test cases" duration-ms="13263" started-at="2019-01-04T23:03:24Z" finished-at="2019-01-04T23:03:38Z">
      <class name="com.karhoo.qa.testcases.KarhooTeamPageTest">
        <test-method status="PASS" signature="setUp()[pri:0, instance:com.karhoo.qa.testcases.KarhooTeamPageTest@2b98378d]" name="setUp" is-config="true" duration-ms="7851" started-at="2019-01-04T23:03:25Z" finished-at="2019-01-04T23:03:32Z">
          <reporter-output>
          </reporter-output>
        </test-method> <!-- setUp -->
        <test-method status="PASS" signature="applyTest()[pri:0, instance:com.karhoo.qa.testcases.KarhooTeamPageTest@2b98378d]" name="applyTest" duration-ms="4633" started-at="2019-01-04T23:03:32Z" finished-at="2019-01-04T23:03:37Z">
          <reporter-output>
          </reporter-output>
        </test-method> <!-- applyTest -->
        <test-method status="PASS" signature="tearDown()[pri:0, instance:com.karhoo.qa.testcases.KarhooTeamPageTest@2b98378d]" name="tearDown" is-config="true" duration-ms="753" started-at="2019-01-04T23:03:37Z" finished-at="2019-01-04T23:03:38Z">
          <reporter-output>
          </reporter-output>
        </test-method> <!-- tearDown -->
      </class> <!-- com.karhoo.qa.testcases.KarhooTeamPageTest -->
    </test> <!-- Karhoo Application Regession Test cases -->
  </suite> <!-- Karhoo Application Test Automation Test Suite -->
</testng-results>
